Element Parameters: ILDCRTParams [m=65536 n=32768 q=109489619439395919898968513618095997254635341815457912880393253595810552840999677687003671355241954443587474889372371414898913264949028323004700785601581166976330266768610107201474182228096257881810288252230474755385077957867109329691543693694766588543850254189851974261413069389516597284509070596514601137822574287839891772433986564779338889296115941626988423504299217700413366483131283786745321709976520912886800621815161529396278812745055226687295468566878443275044466738729205438446052156487048698334004240309783594415107964842665716606124777700200415478218297626892533251527631473776423272449 ru=0 bigq=0 bigru=0]
  m_params:
    0: ILParams [m=65536 n=32768 q=1152921422732787713 ru=26625145233332 bigq=0 bigru=0]
    1: ILParams [m=65536 n=32768 q=1152921409847689217 ru=23849877241110 bigq=0 bigru=0]
    2: ILParams [m=65536 n=32768 q=1152921396962590721 ru=19104687499170 bigq=0 bigru=0]
    3: ILParams [m=65536 n=32768 q=1152921311061934081 ru=39365314360263 bigq=0 bigru=0]
    4: ILParams [m=65536 n=32768 q=1152920937394077697 ru=36741973752637 bigq=0 bigru=0]
    5: ILParams [m=65536 n=32768 q=1152920907328847873 ru=21988390140931 bigq=0 bigru=0]
    6: ILParams [m=65536 n=32768 q=1152920817133158401 ru=88726094035050 bigq=0 bigru=0]
    7: ILParams [m=65536 n=32768 q=1152920744117600257 ru=7261756531702 bigq=0 bigru=0]
    8: ILParams [m=65536 n=32768 q=1152920615266615297 ru=18416926473764 bigq=0 bigru=0]
    9: ILParams [m=65536 n=32768 q=1152920559431188481 ru=60054521604028 bigq=0 bigru=0]
    10: ILParams [m=65536 n=32768 q=1152920507890794497 ru=25309971587179 bigq=0 bigru=0]
    11: ILParams [m=65536 n=32768 q=1152920486415630337 ru=11229803967440 bigq=0 bigru=0]
    12: ILParams [m=65536 n=32768 q=1152920379039809537 ru=24740506863516 bigq=0 bigru=0]
    13: ILParams [m=65536 n=32768 q=1152920280254054401 ru=74814864792445 bigq=0 bigru=0]
    14: ILParams [m=65536 n=32768 q=1152920228713660417 ru=3266315864229 bigq=0 bigru=0]
    15: ILParams [m=65536 n=32768 q=1152920108452741121 ru=28733377134113 bigq=0 bigru=0]
    16: ILParams [m=65536 n=32768 q=1152919958126592001 ru=50794826732141 bigq=0 bigru=0]
    17: ILParams [m=65536 n=32768 q=1152919889406066689 ru=22584172931997 bigq=0 bigru=0]
    18: ILParams [m=65536 n=32768 q=1152919739079917569 ru=30218441848537 bigq=0 bigru=0]
    19: ILParams [m=65536 n=32768 q=1152919661769326593 ru=25023970521442 bigq=0 bigru=0]
    20: ILParams [m=65536 n=32768 q=1152919481377947649 ru=36424795999126 bigq=0 bigru=0]
    21: ILParams [m=65536 n=32768 q=1152919477082914817 ru=37498083428873 bigq=0 bigru=0]
    22: ILParams [m=65536 n=32768 q=1152919361117028353 ru=83001086124917 bigq=0 bigru=0]
    23: ILParams [m=65536 n=32768 q=1152919352526962689 ru=58970558445381 bigq=0 bigru=0]
    24: ILParams [m=65536 n=32768 q=1152919335346831361 ru=17628392659262 bigq=0 bigru=0]
    25: ILParams [m=65536 n=32768 q=1152919288101470209 ru=49718896564192 bigq=0 bigru=0]
    26: ILParams [m=65536 n=32768 q=1152919232266043393 ru=29963750323826 bigq=0 bigru=0]
    27: ILParams [m=65536 n=32768 q=1152919223675977729 ru=56279128032024 bigq=0 bigru=0]
    28: ILParams [m=65536 n=32768 q=1152919185020682241 ru=21384902334340 bigq=0 bigru=0]
    29: ILParams [m=65536 n=32768 q=1152919013219368961 ru=20243029286127 bigq=0 bigru=0]
    30: ILParams [m=65536 n=32768 q=1152918940203810817 ru=129561347242115 bigq=0 bigru=0]
    31: ILParams [m=65536 n=32768 q=1152918703977005057 ru=1490195381275 bigq=0 bigru=0]
    32: ILParams [m=65536 n=32768 q=1152918669616742401 ru=99053531181973 bigq=0 bigru=0]


Encoding Parameters: [p=65537 rootP =0 bigP =0 rootBigP =0 g=0 L=32768]
Distrib parm 3.19, Assurance measure 36, Noise scale 65537, Digit Size 0, SecretKeyDist UNIFORM_TERNARY, Standard security level HEStd_NotSet

maxNoise[0] = 28
maxNoise[1] = 62
maxNoise[2] = 96
maxNoise[3] = 131
maxNoise[4] = 166
maxNoise[5] = 201
maxNoise[6] = 237
maxNoise[7] = 272
maxNoise[8] = 308
maxNoise[9] = 344
maxNoise[10] = 379
maxNoise[11] = 415
maxNoise[12] = 451
maxNoise[13] = 487
maxNoise[14] = 522
maxNoise[15] = 558
maxNoise[16] = 594
maxNoise[17] = 630
maxNoise[18] = 665
maxNoise[19] = 701
maxNoise[20] = 737
maxNoise[21] = 772
maxNoise[22] = 808
maxNoise[23] = 844
maxNoise[24] = 880
maxNoise[25] = 915
maxNoise[26] = 951
maxNoise[27] = 987
maxNoise[28] = 1023
maxNoise[29] = 1058
maxNoise[30] = 1094
maxNoise[31] = 1130
