Element Parameters: ILDCRTParams [m=65536 n=32768 q=14934650262203734803629343495806864515113751893958423427768398006517360244012907942875082679603024746654882753697120858811396908088008442742533252814181503043309178955501575668597308494246780091216909274874004741117424371399135409346616437909921727994024222347523759575976740358090424988403778547537690279873693557428133172449864502381753925633 ru=0 bigq=0 bigru=0]
  m_params:
    0: ILParams [m=65536 n=32768 q=1152921504606584833 ru=4443670208963 bigq=0 bigru=0]
    1: ILParams [m=65536 n=32768 q=1152921504598720513 ru=100545759574150 bigq=0 bigru=0]
    2: ILParams [m=65536 n=32768 q=1152921504597016577 ru=31693996050849 bigq=0 bigru=0]
    3: ILParams [m=65536 n=32768 q=1152921504595968001 ru=88651361085495 bigq=0 bigru=0]
    4: ILParams [m=65536 n=32768 q=1152921504595640321 ru=9679305630873 bigq=0 bigru=0]
    5: ILParams [m=65536 n=32768 q=1152921504593412097 ru=24428769072221 bigq=0 bigru=0]
    6: ILParams [m=65536 n=32768 q=1152921504592822273 ru=18776242964106 bigq=0 bigru=0]
    7: ILParams [m=65536 n=32768 q=1152921504592429057 ru=5821397352863 bigq=0 bigru=0]
    8: ILParams [m=65536 n=32768 q=1152921504589938689 ru=33888991361320 bigq=0 bigru=0]
    9: ILParams [m=65536 n=32768 q=1152921504586530817 ru=74969624337902 bigq=0 bigru=0]
    10: ILParams [m=65536 n=32768 q=1152921504585547777 ru=64462945958447 bigq=0 bigru=0]
    11: ILParams [m=65536 n=32768 q=1152921504583647233 ru=6656235313685 bigq=0 bigru=0]
    12: ILParams [m=65536 n=32768 q=1152921504581877761 ru=18584577086900 bigq=0 bigru=0]
    13: ILParams [m=65536 n=32768 q=1152921504581419009 ru=34653674914762 bigq=0 bigru=0]
    14: ILParams [m=65536 n=32768 q=1152921504580894721 ru=43152791300011 bigq=0 bigru=0]
    15: ILParams [m=65536 n=32768 q=1152921504578666497 ru=13437843531902 bigq=0 bigru=0]
    16: ILParams [m=65536 n=32768 q=1152921504578273281 ru=52838307801931 bigq=0 bigru=0]
    17: ILParams [m=65536 n=32768 q=1152921504577748993 ru=17872403211945 bigq=0 bigru=0]
    18: ILParams [m=65536 n=32768 q=1152921504577486849 ru=11529905380872 bigq=0 bigru=0]


Encoding Parameters: [p=65537 rootP =0 bigP =0 rootBigP =0 g=0 L=32768]
Distrib parm 3.19, Assurance measure 36, Noise scale 1, Digit Size 0, SecretKeyDist UNIFORM_TERNARY, Standard security level HEStd_NotSet

maxNoise[0] = 12
maxNoise[1] = 42
maxNoise[2] = 72
maxNoise[3] = 102
maxNoise[4] = 132
maxNoise[5] = 162
maxNoise[6] = 192
maxNoise[7] = 222
maxNoise[8] = 253
maxNoise[9] = 283
maxNoise[10] = 313
maxNoise[11] = 344
maxNoise[12] = 374
maxNoise[13] = 407
maxNoise[14] = 437
maxNoise[15] = 468
maxNoise[16] = 498
maxNoise[17] = 528
maxNoise[18] = 558
maxNoise[19] = 589
maxNoise[20] = 619
maxNoise[21] = 649
maxNoise[22] = 679
maxNoise[23] = 709
maxNoise[24] = 740
maxNoise[25] = 770
maxNoise[26] = 801
maxNoise[27] = 831
maxNoise[28] = 861
maxNoise[29] = 891
maxNoise[30] = 922
maxNoise[31] = 952
